<?xml version="1.0" encoding="UTF-8"?>
<!-- Generated by org.testng.reporters.JUnitXMLReporter -->
<testsuite ignored="0" hostname="KISHONA" failures="0" tests="8" name="Test" time="20.018" errors="0" timestamp="2024-04-06T19:05:27 IST">
  <testcase classname="UserFlow.SwagLabs" name="verifyLogin" time="0.491"/>
  <testcase classname="UserFlow.SwagLabs" name="validateDropdown" time="0.206"/>
  <testcase classname="UserFlow.SwagLabs" name="isAddtoCartButtonDisplayed" time="0.063"/>
  <testcase classname="UserFlow.SwagLabs" name="addToCart" time="0.373"/>
  <testcase classname="UserFlow.SwagLabs" name="removeItemFromCart" time="0.087"/>
  <testcase classname="UserFlow.SwagLabs" name="checkout" time="0.518"/>
  <testcase classname="UserFlow.SwagLabs" name="checkoutPage" time="0.116"/>
  <testcase classname="UserFlow.SwagLabs" name="takeScreenshot" time="0.197"/>
</testsuite> <!-- Test -->
