<?xml version="1.0" encoding="UTF-8"?>
<testsuite xmlns:xsi="http://www.w3.org/2001/XMLSchema-instance" xsi:noNamespaceSchemaLocation="https://maven.apache.org/surefire/maven-surefire-plugin/xsd/surefire-test-report-3.0.xsd" version="3.0" name="TestSuite" time="20.692" tests="8" errors="0" skipped="0" failures="0">
  <properties>
[...]
</properties>
  <testcase name="verifyLogin" classname="UserFlow.SwagLabs" time="0.486">
    <system-err><![CDATA[SLF4J: No SLF4J providers were found.
SLF4J: Defaulting to no-operation (NOP) logger implementation
SLF4J: See https://www.slf4j.org/codes.html#noProviders for further details.
Apr 06, 2024 7:05:08 PM org.openqa.selenium.remote.service.DriverService$Builder getLogOutput
INFO: Driver logs no longer sent to console by default; https://www.selenium.dev/documentation/webdriver/drivers/service/#setting-log-output
Apr 06, 2024 7:05:10 PM org.openqa.selenium.devtools.CdpVersionFinder findNearestMatch
WARNING: Unable to find CDP implementation matching 123
Apr 06, 2024 7:05:10 PM org.openqa.selenium.chromium.ChromiumDriver lambda$new$4
WARNING: Unable to find version of CDP to use for . You may need to include a dependency on a specific version of the CDP using something similar to `org.seleniumhq.selenium:selenium-devtools-v86:4.10.0` where the version ("v86") matches the version of the chromium-based browser you're using and the version number of the artifact is the same as Selenium's.
]]></system-err>
  </testcase>
  <testcase name="validateDropdown" classname="UserFlow.SwagLabs" time="0.208"/>
  <testcase name="isAddtoCartButtonDisplayed" classname="UserFlow.SwagLabs" time="0.064"/>
  <testcase name="addToCart" classname="UserFlow.SwagLabs" time="0.374"/>
  <testcase name="removeItemFromCart" classname="UserFlow.SwagLabs" time="0.087"/>
  <testcase name="checkout" classname="UserFlow.SwagLabs" time="0.518"/>
  <testcase name="checkoutPage" classname="UserFlow.SwagLabs" time="0.117"/>
  <testcase name="takeScreenshot" classname="UserFlow.SwagLabs" time="0.198">
    <system-out><![CDATA[Image PathC:\Users\SATHIS~1\AppData\Local\Temp\screenshot5737644361761257002.png
]]></system-out>
  </testcase>
</testsuite>