<?xml version="1.0" encoding="UTF-8"?>
<testng-results ignored="0" total="8" passed="8" failed="0" skipped="0">
  <reporter-output>
  </reporter-output>
  <suite started-at="2024-04-06T19:05:07 IST" name="Suite" finished-at="2024-04-06T19:05:27 IST" duration-ms="20018">
    <groups>
    </groups>
    <test started-at="2024-04-06T19:05:07 IST" name="Test" finished-at="2024-04-06T19:05:27 IST" duration-ms="20018">
      <class name="UserFlow.SwagLabs">
        <test-method is-config="true" signature="setup()[pri:0, instance:UserFlow.SwagLabs@6c1a5b54]" started-at="2024-04-06T19:05:07 IST" name="setup" finished-at="2024-04-06T19:05:25 IST" duration-ms="17583" status="PASS">
          <reporter-output>
          </reporter-output>
        </test-method> <!-- setup -->
        <test-method signature="verifyLogin()[pri:0, instance:UserFlow.SwagLabs@6c1a5b54]" started-at="2024-04-06T19:05:25 IST" name="verifyLogin" finished-at="2024-04-06T19:05:25 IST" duration-ms="491" status="PASS">
          <reporter-output>
          </reporter-output>
        </test-method> <!-- verifyLogin -->
        <test-method signature="validateDropdown()[pri:1, instance:UserFlow.SwagLabs@6c1a5b54]" started-at="2024-04-06T19:05:25 IST" name="validateDropdown" finished-at="2024-04-06T19:05:25 IST" duration-ms="206" status="PASS">
          <reporter-output>
          </reporter-output>
        </test-method> <!-- validateDropdown -->
        <test-method signature="isAddtoCartButtonDisplayed()[pri:2, instance:UserFlow.SwagLabs@6c1a5b54]" started-at="2024-04-06T19:05:25 IST" name="isAddtoCartButtonDisplayed" finished-at="2024-04-06T19:05:25 IST" duration-ms="63" status="PASS">
          <reporter-output>
          </reporter-output>
        </test-method> <!-- isAddtoCartButtonDisplayed -->
        <test-method signature="addToCart()[pri:3, instance:UserFlow.SwagLabs@6c1a5b54]" started-at="2024-04-06T19:05:25 IST" name="addToCart" finished-at="2024-04-06T19:05:26 IST" duration-ms="373" status="PASS">
          <reporter-output>
          </reporter-output>
        </test-method> <!-- addToCart -->
        <test-method signature="removeItemFromCart()[pri:4, instance:UserFlow.SwagLabs@6c1a5b54]" started-at="2024-04-06T19:05:26 IST" name="removeItemFromCart" finished-at="2024-04-06T19:05:26 IST" duration-ms="87" status="PASS">
          <reporter-output>
          </reporter-output>
        </test-method> <!-- removeItemFromCart -->
        <test-method signature="checkout()[pri:5, instance:UserFlow.SwagLabs@6c1a5b54]" started-at="2024-04-06T19:05:26 IST" name="checkout" finished-at="2024-04-06T19:05:26 IST" duration-ms="518" status="PASS">
          <reporter-output>
          </reporter-output>
        </test-method> <!-- checkout -->
        <test-method signature="checkoutPage()[pri:6, instance:UserFlow.SwagLabs@6c1a5b54]" started-at="2024-04-06T19:05:26 IST" name="checkoutPage" finished-at="2024-04-06T19:05:26 IST" duration-ms="116" status="PASS">
          <reporter-output>
          </reporter-output>
        </test-method> <!-- checkoutPage -->
        <test-method signature="takeScreenshot()[pri:7, instance:UserFlow.SwagLabs@6c1a5b54]" started-at="2024-04-06T19:05:26 IST" name="takeScreenshot" finished-at="2024-04-06T19:05:27 IST" duration-ms="197" status="PASS">
          <reporter-output>
          </reporter-output>
        </test-method> <!-- takeScreenshot -->
        <test-method is-config="true" signature="logout()[pri:0, instance:UserFlow.SwagLabs@6c1a5b54]" started-at="2024-04-06T19:05:27 IST" name="logout" finished-at="2024-04-06T19:05:27 IST" duration-ms="313" status="PASS">
          <reporter-output>
          </reporter-output>
        </test-method> <!-- logout -->
      </class> <!-- UserFlow.SwagLabs -->
    </test> <!-- Test -->
  </suite> <!-- Suite -->
</testng-results>
